[INFO ] 2026-05-12 15:37:32.652 [main] DriverClass - Initializing Browser: firefox
[INFO ] 2026-05-12 15:38:00.324 [main] DriverClass - Browser launched successfully
[INFO ] 2026-05-12 15:38:01.935 [main] Launch - Launching application URL: https://ecommerce-playground.lambdatest.io/index.php?route=common/home
[INFO ] 2026-05-12 15:38:10.607 [main] Launch - Expected URL: https://ecommerce-playground.lambdatest.io/index.php?route=common/home
[INFO ] 2026-05-12 15:38:10.607 [main] Launch - Actual URL: https://ecommerce-playground.lambdatest.io/index.php?route=common/home
[INFO ] 2026-05-12 15:38:10.625 [main] Launch - Launching application URL: https://ecommerce-playground.lambdatest.io/index.php?route=common/home
[INFO ] 2026-05-12 15:38:12.260 [main] Launch - Page Title: Your Store
[INFO ] 2026-05-12 15:38:12.264 [main] Launch - Launching application URL: https://ecommerce-playground.lambdatest.io/index.php?route=common/home
[INFO ] 2026-05-12 15:38:17.536 [main] Launch - Logo Displayed Status: true
[INFO ] 2026-05-12 15:38:17.540 [main] DriverClass - Closing browser session
[INFO ] 2026-05-12 16:58:39.108 [main] DriverClass - Initializing Browser: firefox
[INFO ] 2026-05-12 16:58:39.112 [main] DriverClass - Headless Mode: true
[INFO ] 2026-05-12 16:58:47.221 [main] DriverClass - Browser launched successfully
[INFO ] 2026-05-12 16:58:47.605 [main] Launch - Launching application URL: https://ecommerce-playground.lambdatest.io/index.php?route=common/home
[INFO ] 2026-05-12 16:59:03.614 [main] Launch - Expected URL: https://ecommerce-playground.lambdatest.io/index.php?route=common/home
[INFO ] 2026-05-12 16:59:03.617 [main] Launch - Actual URL: https://ecommerce-playground.lambdatest.io/index.php?route=common/home
[INFO ] 2026-05-12 16:59:03.629 [main] Launch - Launching application URL: https://ecommerce-playground.lambdatest.io/index.php?route=common/home
[INFO ] 2026-05-12 16:59:09.014 [main] Launch - Page Title: Your Store
[INFO ] 2026-05-12 16:59:09.021 [main] Launch - Launching application URL: https://ecommerce-playground.lambdatest.io/index.php?route=common/home
[INFO ] 2026-05-12 16:59:11.664 [main] Launch - Logo Displayed Status: true
[INFO ] 2026-05-12 16:59:11.669 [main] DriverClass - Closing browser session
[INFO ] 2026-05-13 11:12:11.671 [main] DriverClass - Initializing Browser: chrome
[INFO ] 2026-05-13 11:12:11.675 [main] DriverClass - Headless Mode: false
[INFO ] 2026-05-13 11:12:27.470 [main] DriverClass - Browser launched successfully
[INFO ] 2026-05-13 11:12:28.814 [main] DriverClass - Closing browser session
[INFO ] 2026-05-12 17:12:53.330 [main] DriverClass - Initializing Browser: firefox
[INFO ] 2026-05-12 17:12:53.330 [main] DriverClass - Headless Mode: true
[INFO ] 2026-05-12 17:13:00.162 [main] DriverClass - Browser launched successfully
[INFO ] 2026-05-12 17:13:00.538 [main] Launch - Launching application URL: https://ecommerce-playground.lambdatest.io/index.php?route=common/home
[INFO ] 2026-05-12 17:13:06.546 [main] Launch - Expected URL: https://ecommerce-playground.lambdatest.io/index.php?route=common/home
[INFO ] 2026-05-12 17:13:06.546 [main] Launch - Actual URL: https://ecommerce-playground.lambdatest.io/index.php?route=common/home
[INFO ] 2026-05-12 17:13:06.569 [main] Launch - Launching application URL: https://ecommerce-playground.lambdatest.io/index.php?route=common/home
[INFO ] 2026-05-12 17:13:08.423 [main] Launch - Page Title: Your Store
[INFO ] 2026-05-12 17:13:08.428 [main] Launch - Launching application URL: https://ecommerce-playground.lambdatest.io/index.php?route=common/home
[INFO ] 2026-05-12 17:13:11.178 [main] Launch - Logo Displayed Status: true
[INFO ] 2026-05-12 17:13:11.183 [main] DriverClass - Closing browser session
[INFO ] 2026-05-13 10:51:14.996 [main] DriverClass - Initializing Browser: "firefox"
[INFO ] 2026-05-13 10:51:15.133 [main] DriverClass - Headless Mode: false
[ERROR] 2026-05-13 10:51:15.133 [main] DriverClass - Invalid Browser Name: "firefox"
[INFO ] 2026-05-13 10:53:19.439 [main] DriverClass - Initializing Browser: "firefox"
[INFO ] 2026-05-13 10:53:19.439 [main] DriverClass - Headless Mode: false
[ERROR] 2026-05-13 10:53:19.439 [main] DriverClass - Invalid Browser Name: "firefox"
[INFO ] 2026-05-13 10:53:43.966 [main] DriverClass - Initializing Browser: firefox
[INFO ] 2026-05-13 10:53:43.974 [main] DriverClass - Headless Mode: true
[INFO ] 2026-05-13 10:55:52.040 [main] DriverClass - Initializing Browser: firefox
[INFO ] 2026-05-13 10:55:52.043 [main] DriverClass - Headless Mode: true
[INFO ] 2026-05-13 10:55:56.838 [main] DriverClass - Browser launched successfully
[INFO ] 2026-05-13 10:55:57.164 [main] Launch - Launching application URL: https://ecommerce-playground.lambdatest.io/index.php?route=common/home
[INFO ] 2026-05-13 10:56:02.099 [main] Launch - Expected URL: https://ecommerce-playground.lambdatest.io/index.php?route=common/home
[INFO ] 2026-05-13 10:56:02.101 [main] Launch - Actual URL: https://ecommerce-playground.lambdatest.io/index.php?route=common/home
[INFO ] 2026-05-13 10:56:02.110 [main] Launch - Launching application URL: https://ecommerce-playground.lambdatest.io/index.php?route=common/home
[INFO ] 2026-05-13 10:56:04.032 [main] Launch - Page Title: Your Store
[INFO ] 2026-05-13 10:56:04.046 [main] Launch - Launching application URL: https://ecommerce-playground.lambdatest.io/index.php?route=common/home
[INFO ] 2026-05-13 10:56:07.347 [main] Launch - Logo Displayed Status: true
[INFO ] 2026-05-13 10:56:07.354 [main] DriverClass - Closing browser session
[INFO ] 2026-05-13 12:22:18.773 [main] DriverClass - Initializing Browser: firefox
[INFO ] 2026-05-13 12:22:18.777 [main] DriverClass - Headless Mode: true
[INFO ] 2026-05-13 12:22:33.380 [main] DriverClass - Browser launched successfully
[INFO ] 2026-05-13 12:22:33.699 [main] Launch - Launching application URL: https://ecommerce-playground.lambdatest.io/index.php?route=common/home
[INFO ] 2026-05-13 12:22:39.589 [main] Launch - Expected URL: https://ecommerce-playground.lambdatest.io/index.php?route=common/home
[INFO ] 2026-05-13 12:22:39.590 [main] Launch - Actual URL: https://ecommerce-playground.lambdatest.io/index.php?route=common/home
[INFO ] 2026-05-13 12:22:39.598 [main] Launch - Launching application URL: https://ecommerce-playground.lambdatest.io/index.php?route=common/home
[INFO ] 2026-05-13 12:22:41.396 [main] Launch - Page Title: Your Store
[INFO ] 2026-05-13 12:22:41.400 [main] Launch - Launching application URL: https://ecommerce-playground.lambdatest.io/index.php?route=common/home
[INFO ] 2026-05-13 12:22:44.541 [main] Launch - Logo Displayed Status: true
[INFO ] 2026-05-13 12:22:44.607 [main] DriverClass - Closing browser session
[INFO ] 2026-05-13 12:24:33.523 [main] DriverClass - Initializing Browser: firefox
[INFO ] 2026-05-13 12:24:33.528 [main] DriverClass - Headless Mode: true
[INFO ] 2026-05-13 12:24:41.818 [main] DriverClass - Browser launched successfully
[INFO ] 2026-05-13 12:24:41.984 [main] Launch - Launching application URL: https://ecommerce-playground.lambdatest.io/index.php?route=common/home
[INFO ] 2026-05-13 12:24:49.868 [main] Launch - Expected URL: https://ecommerce-playground.lambdatest.io/index.php?route=common/home
[INFO ] 2026-05-13 12:24:49.869 [main] Launch - Actual URL: https://ecommerce-playground.lambdatest.io/index.php?route=common/home
[INFO ] 2026-05-13 12:24:49.882 [main] Launch - Launching application URL: https://ecommerce-playground.lambdatest.io/index.php?route=common/home
[INFO ] 2026-05-13 12:24:52.984 [main] Launch - Page Title: Your Store
[INFO ] 2026-05-13 12:24:52.990 [main] Launch - Launching application URL: https://ecommerce-playground.lambdatest.io/index.php?route=common/home
[INFO ] 2026-05-13 12:24:58.963 [main] Launch - Logo Displayed Status: true
[INFO ] 2026-05-13 12:24:58.966 [main] DriverClass - Closing browser session
[INFO ] 2026-05-13 12:10:44.439 [main] DriverClass - Initializing Browser: chrome
[INFO ] 2026-05-13 12:10:44.444 [main] DriverClass - Headless Mode: true
[INFO ] 2026-05-13 12:10:47.642 [main] DriverClass - Browser launched successfully
[INFO ] 2026-05-13 12:10:48.318 [main] DriverClass - Closing browser session
[INFO ] 2026-05-13 12:11:33.620 [main] DriverClass - Initializing Browser: chrome
[INFO ] 2026-05-13 12:11:33.622 [main] DriverClass - Headless Mode: true
[INFO ] 2026-05-13 12:11:35.889 [main] DriverClass - Browser launched successfully
[INFO ] 2026-05-13 12:11:36.396 [main] DriverClass - Closing browser session
[INFO ] 2026-05-13 12:12:47.998 [main] DriverClass - Initializing Browser: chrome
[INFO ] 2026-05-13 12:12:48.003 [main] DriverClass - Headless Mode: true
[INFO ] 2026-05-13 12:12:53.153 [main] DriverClass - Browser launched successfully
[INFO ] 2026-05-13 12:12:53.654 [main] DriverClass - Closing browser session
[INFO ] 2026-05-13 12:51:05.402 [main] DriverClass - Initializing Browser: chrome
[INFO ] 2026-05-13 12:51:05.408 [main] DriverClass - Headless Mode: true
[INFO ] 2026-05-13 12:51:05.422 [main] DriverClass - Initializing Browser: chrome
[INFO ] 2026-05-13 12:51:05.442 [main] DriverClass - Headless Mode: true
[INFO ] 2026-05-13 12:51:10.756 [main] DriverClass - Initializing Browser: chrome
[INFO ] 2026-05-13 12:51:10.767 [main] DriverClass - Headless Mode: true
[INFO ] 2026-05-13 12:51:11.423 [main] DriverClass - Browser launched successfully
[INFO ] 2026-05-13 12:51:11.451 [main] DriverClass - Browser launched successfully
[INFO ] 2026-05-13 12:51:12.445 [main] DriverClass - Closing browser session
[INFO ] 2026-05-13 12:51:12.675 [main] DriverClass - Closing browser session
[INFO ] 2026-05-13 12:51:16.763 [main] DriverClass - Browser launched successfully
[INFO ] 2026-05-13 12:51:17.460 [main] DriverClass - Closing browser session
[INFO ] 2026-05-13 12:54:49.603 [main] DriverClass - Initializing Browser: chrome
[INFO ] 2026-05-13 12:54:49.610 [main] DriverClass - Headless Mode: true
[INFO ] 2026-05-13 12:55:04.291 [main] DriverClass - Initializing Browser: chrome
[INFO ] 2026-05-13 12:55:04.301 [main] DriverClass - Headless Mode: true
[INFO ] 2026-05-13 12:55:04.307 [main] DriverClass - Initializing Browser: chrome
[INFO ] 2026-05-13 12:55:04.316 [main] DriverClass - Headless Mode: true
[INFO ] 2026-05-13 12:55:04.331 [main] DriverClass - Initializing Browser: chrome
[INFO ] 2026-05-13 12:55:04.343 [main] DriverClass - Headless Mode: true
[INFO ] 2026-05-13 12:55:04.361 [main] DriverClass - Initializing Browser: chrome
[INFO ] 2026-05-13 12:55:04.395 [main] DriverClass - Headless Mode: true
[INFO ] 2026-05-13 12:55:04.602 [main] DriverClass - Initializing Browser: chrome
[INFO ] 2026-05-13 12:55:04.608 [main] DriverClass - Headless Mode: true
[INFO ] 2026-05-13 12:55:04.673 [main] DriverClass - Initializing Browser: chrome
[INFO ] 2026-05-13 12:55:04.836 [main] DriverClass - Headless Mode: true
[INFO ] 2026-05-13 12:55:06.709 [main] DriverClass - Initializing Browser: chrome
[INFO ] 2026-05-13 12:55:06.807 [main] DriverClass - Headless Mode: true
[INFO ] 2026-05-13 12:55:07.271 [main] DriverClass - Browser launched successfully
[INFO ] 2026-05-13 12:55:08.019 [main] DriverClass - Closing browser session
[INFO ] 2026-05-13 12:56:40.487 [main] DriverClass - Initializing Browser: chrome
[INFO ] 2026-05-13 12:56:40.500 [main] DriverClass - Headless Mode: true
[INFO ] 2026-05-13 12:56:40.497 [main] DriverClass - Initializing Browser: chrome
[INFO ] 2026-05-13 12:56:40.519 [main] DriverClass - Headless Mode: true
[INFO ] 2026-05-13 12:56:40.525 [main] DriverClass - Initializing Browser: chrome
[INFO ] 2026-05-13 12:56:40.540 [main] DriverClass - Headless Mode: true
[INFO ] 2026-05-13 12:56:49.389 [main] DriverClass - Browser launched successfully
[INFO ] 2026-05-13 12:56:50.135 [main] DriverClass - Browser launched successfully
[INFO ] 2026-05-13 12:56:50.632 [main] DriverClass - Browser launched successfully
[INFO ] 2026-05-13 12:56:51.305 [main] DriverClass - Closing browser session
[INFO ] 2026-05-13 12:56:52.091 [main] DriverClass - Closing browser session
[INFO ] 2026-05-13 12:56:52.709 [main] DriverClass - Closing browser session
[INFO ] 2026-05-13 12:58:04.565 [main] DriverClass - Initializing Browser: chrome
[INFO ] 2026-05-13 12:58:04.576 [main] DriverClass - Headless Mode: true
[INFO ] 2026-05-13 12:58:06.111 [main] DriverClass - Initializing Browser: chrome
[INFO ] 2026-05-13 12:58:06.120 [main] DriverClass - Headless Mode: true
[INFO ] 2026-05-13 12:58:10.216 [main] DriverClass - Browser launched successfully
[INFO ] 2026-05-13 12:58:11.280 [main] DriverClass - Closing browser session
[INFO ] 2026-05-13 12:58:13.144 [main] DriverClass - Browser launched successfully
[INFO ] 2026-05-13 12:58:13.743 [main] DriverClass - Closing browser session
[INFO ] 2026-05-13 12:59:22.116 [main] DriverClass - Closing browser session
[INFO ] 2026-05-13 13:01:14.286 [main] DriverClass - Initializing Browser: chrome
[INFO ] 2026-05-13 13:01:14.290 [main] DriverClass - Headless Mode: true
[INFO ] 2026-05-13 13:01:16.856 [main] DriverClass - Browser launched successfully
[INFO ] 2026-05-13 13:01:17.176 [main] DriverClass - Closing browser session
[INFO ] 2026-05-13 13:01:59.502 [main] DriverClass - Initializing Browser: chrome
[INFO ] 2026-05-13 13:01:59.506 [main] DriverClass - Headless Mode: true
[INFO ] 2026-05-13 13:02:01.811 [main] DriverClass - Browser launched successfully
[INFO ] 2026-05-13 13:02:02.058 [main] DriverClass - Closing browser session
[INFO ] 2026-05-14 10:49:45.617 [main] DriverClass - Initializing Browser: chrome
[INFO ] 2026-05-14 10:49:45.624 [main] DriverClass - Headless Mode: true
[INFO ] 2026-05-14 10:49:57.309 [main] DriverClass - Browser launched successfully
[INFO ] 2026-05-14 10:49:57.347 [main] DriverClass - Closing browser session
[INFO ] 2026-05-14 10:49:59.062 [main] DriverClass - Initializing Browser: chrome
[INFO ] 2026-05-14 10:49:59.063 [main] DriverClass - Headless Mode: true
[INFO ] 2026-05-14 10:50:01.495 [main] DriverClass - Browser launched successfully
[INFO ] 2026-05-14 10:50:01.530 [main] DriverClass - Closing browser session
[INFO ] 2026-05-14 10:50:02.604 [main] DriverClass - Initializing Browser: chrome
[INFO ] 2026-05-14 10:50:02.605 [main] DriverClass - Headless Mode: true
[INFO ] 2026-05-14 10:50:05.497 [main] DriverClass - Browser launched successfully
[INFO ] 2026-05-14 10:50:05.528 [main] DriverClass - Closing browser session
[INFO ] 2026-05-14 10:50:07.220 [main] DriverClass - Initializing Browser: chrome
[INFO ] 2026-05-14 10:50:07.220 [main] DriverClass - Headless Mode: true
[INFO ] 2026-05-14 10:50:09.671 [main] DriverClass - Browser launched successfully
[INFO ] 2026-05-14 10:50:09.687 [main] DriverClass - Closing browser session
[INFO ] 2026-05-14 11:46:47.480 [main] DriverClass - Initializing Browser: chrome
[INFO ] 2026-05-14 11:46:47.485 [main] DriverClass - Headless Mode: true
[INFO ] 2026-05-14 11:46:51.301 [main] DriverClass - Browser launched successfully
[INFO ] 2026-05-14 11:46:51.334 [main] DriverClass - Closing browser session
[INFO ] 2026-05-14 11:46:51.748 [main] DriverClass - Initializing Browser: chrome
[INFO ] 2026-05-14 11:46:51.748 [main] DriverClass - Headless Mode: true
[INFO ] 2026-05-14 11:46:52.876 [main] DriverClass - Browser launched successfully
[INFO ] 2026-05-14 11:46:52.896 [main] DriverClass - Closing browser session
[INFO ] 2026-05-14 11:46:53.685 [main] DriverClass - Initializing Browser: chrome
[INFO ] 2026-05-14 11:46:53.686 [main] DriverClass - Headless Mode: true
[INFO ] 2026-05-14 11:46:54.778 [main] DriverClass - Browser launched successfully
[INFO ] 2026-05-14 11:46:54.796 [main] DriverClass - Closing browser session
[INFO ] 2026-05-14 11:46:55.289 [main] DriverClass - Initializing Browser: chrome
[INFO ] 2026-05-14 11:46:55.290 [main] DriverClass - Headless Mode: true
[INFO ] 2026-05-14 11:46:56.386 [main] DriverClass - Browser launched successfully
[INFO ] 2026-05-14 11:46:56.402 [main] DriverClass - Closing browser session
[INFO ] 2026-05-14 12:16:48.970 [main] DriverClass - Initializing Browser: chrome
[INFO ] 2026-05-14 12:16:48.976 [main] DriverClass - Headless Mode: true
[INFO ] 2026-05-14 12:16:54.754 [main] DriverClass - Browser launched successfully
[INFO ] 2026-05-14 12:16:54.780 [main] DriverClass - Closing browser session
[INFO ] 2026-05-14 12:16:55.299 [main] DriverClass - Initializing Browser: chrome
[INFO ] 2026-05-14 12:16:55.299 [main] DriverClass - Headless Mode: true
[INFO ] 2026-05-14 12:16:57.028 [main] DriverClass - Browser launched successfully
[INFO ] 2026-05-14 12:16:57.049 [main] DriverClass - Closing browser session
[INFO ] 2026-05-14 12:16:57.427 [main] DriverClass - Initializing Browser: chrome
[INFO ] 2026-05-14 12:16:57.429 [main] DriverClass - Headless Mode: true
[INFO ] 2026-05-14 12:16:59.310 [main] DriverClass - Browser launched successfully
[INFO ] 2026-05-14 12:16:59.321 [main] DriverClass - Closing browser session
[INFO ] 2026-05-14 12:16:59.715 [main] DriverClass - Initializing Browser: chrome
[INFO ] 2026-05-14 12:16:59.715 [main] DriverClass - Headless Mode: true
[INFO ] 2026-05-14 12:17:00.501 [main] DriverClass - Browser launched successfully
[INFO ] 2026-05-14 12:17:00.514 [main] DriverClass - Closing browser session
[INFO ] 2026-05-14 12:41:52.050 [main] DriverClass - Initializing Browser: chrome
[INFO ] 2026-05-14 12:41:52.056 [main] DriverClass - Headless Mode: true
[INFO ] 2026-05-14 12:41:54.522 [main] DriverClass - Browser launched successfully
[INFO ] 2026-05-14 12:41:54.554 [main] DriverClass - Closing browser session
[INFO ] 2026-05-14 12:41:54.880 [main] DriverClass - Initializing Browser: chrome
[INFO ] 2026-05-14 12:41:54.882 [main] DriverClass - Headless Mode: true
[INFO ] 2026-05-14 12:41:56.163 [main] DriverClass - Browser launched successfully
[INFO ] 2026-05-14 12:41:56.178 [main] DriverClass - Closing browser session
[INFO ] 2026-05-14 12:41:56.455 [main] DriverClass - Initializing Browser: chrome
[INFO ] 2026-05-14 12:41:56.456 [main] DriverClass - Headless Mode: true
[INFO ] 2026-05-14 12:41:57.373 [main] DriverClass - Browser launched successfully
[INFO ] 2026-05-14 12:41:57.386 [main] DriverClass - Closing browser session
[INFO ] 2026-05-14 12:41:57.611 [main] DriverClass - Initializing Browser: chrome
[INFO ] 2026-05-14 12:41:57.611 [main] DriverClass - Headless Mode: true
[INFO ] 2026-05-14 12:41:59.763 [main] DriverClass - Browser launched successfully
[INFO ] 2026-05-14 12:41:59.785 [main] DriverClass - Closing browser session
[INFO ] 2026-05-14 14:11:54.499 [main] DriverClass - Initializing Browser: chrome
[INFO ] 2026-05-14 14:11:54.501 [main] DriverClass - Headless Mode: true
[INFO ] 2026-05-14 14:11:56.466 [main] DriverClass - Browser launched successfully
[INFO ] 2026-05-14 14:12:08.225 [main] LoginSD - Login Successful
[INFO ] 2026-05-14 14:12:08.227 [main] DriverClass - Closing browser session
[INFO ] 2026-05-14 14:12:08.598 [main] DriverClass - Initializing Browser: chrome
[INFO ] 2026-05-14 14:12:08.599 [main] DriverClass - Headless Mode: true
[INFO ] 2026-05-14 14:12:09.631 [main] DriverClass - Browser launched successfully
[INFO ] 2026-05-14 14:12:20.327 [main] LoginSD - Login Unsuccessful as expected
[INFO ] 2026-05-14 14:12:20.330 [main] DriverClass - Closing browser session
[INFO ] 2026-05-14 10:47:41.926 [main] DriverClass - Initializing Browser: chrome
[INFO ] 2026-05-14 10:47:41.934 [main] DriverClass - Headless Mode: true
[INFO ] 2026-05-14 10:47:53.381 [main] DriverClass - Initializing Browser: chrome
[INFO ] 2026-05-14 10:47:53.381 [main] DriverClass - Headless Mode: true
[INFO ] 2026-05-14 10:49:49.193 [main] DriverClass - Initializing Browser: firefox
[INFO ] 2026-05-14 10:49:49.193 [main] DriverClass - Headless Mode: true
[INFO ] 2026-05-14 10:49:54.133 [main] DriverClass - Browser launched successfully
[INFO ] 2026-05-14 10:49:54.146 [main] Launch - Launching application URL: https://ecommerce-playground.lambdatest.io/index.php?route=common/home
[INFO ] 2026-05-14 10:50:01.051 [main] Launch - Expected URL: https://ecommerce-playground.lambdatest.io/index.php?route=common/home
[INFO ] 2026-05-14 10:50:01.051 [main] Launch - Actual URL: https://ecommerce-playground.lambdatest.io/index.php?route=common/home
[INFO ] 2026-05-14 10:50:01.058 [main] DriverClass - Closing browser session
[INFO ] 2026-05-14 10:50:02.191 [main] DriverClass - Initializing Browser: firefox
[INFO ] 2026-05-14 10:50:02.191 [main] DriverClass - Headless Mode: true
[INFO ] 2026-05-14 10:50:06.759 [main] DriverClass - Browser launched successfully
[INFO ] 2026-05-14 10:50:06.761 [main] Launch - Launching application URL: https://ecommerce-playground.lambdatest.io/index.php?route=common/home
[INFO ] 2026-05-14 10:50:11.750 [main] Launch - Page Title: Your Store
[INFO ] 2026-05-14 10:50:11.752 [main] DriverClass - Closing browser session
[INFO ] 2026-05-14 10:50:12.719 [main] DriverClass - Initializing Browser: firefox
[INFO ] 2026-05-14 10:50:12.719 [main] DriverClass - Headless Mode: true
[INFO ] 2026-05-14 10:50:15.330 [main] DriverClass - Browser launched successfully
[INFO ] 2026-05-14 10:50:15.342 [main] Launch - Launching application URL: https://ecommerce-playground.lambdatest.io/index.php?route=common/home
[INFO ] 2026-05-14 10:50:19.922 [main] Launch - Logo Displayed Status: true
[INFO ] 2026-05-14 10:50:19.923 [main] DriverClass - Closing browser session
[INFO ] 2026-05-14 12:24:20.690 [main] DriverClass - Initializing Browser: firefox
[INFO ] 2026-05-14 12:24:20.831 [main] DriverClass - Headless Mode: true
[INFO ] 2026-05-14 12:24:56.738 [main] DriverClass - Browser launched successfully
[INFO ] 2026-05-14 12:25:08.025 [main] LoginSD - Login Successful
[INFO ] 2026-05-14 12:25:08.027 [main] DriverClass - Closing browser session
[INFO ] 2026-05-14 12:25:09.132 [main] DriverClass - Initializing Browser: firefox
[INFO ] 2026-05-14 12:25:09.132 [main] DriverClass - Headless Mode: true
[INFO ] 2026-05-14 12:25:11.907 [main] DriverClass - Browser launched successfully
[INFO ] 2026-05-14 12:25:21.971 [main] LoginSD - Login Unsuccessful as expected
[INFO ] 2026-05-14 12:25:21.974 [main] DriverClass - Closing browser session
[INFO ] 2026-05-14 12:32:33.167 [TestNG-test-Cucumber Test-1] DriverClass - Initializing Browser: firefox
[INFO ] 2026-05-14 12:32:33.171 [TestNG-test-Cucumber Test-1] DriverClass - Headless Mode: false
[INFO ] 2026-05-14 12:32:40.535 [TestNG-test-Cucumber Test-1] DriverClass - Browser launched successfully
[INFO ] 2026-05-14 12:32:40.712 [TestNG-test-Cucumber Test-1] Launch - Launching application URL: https://ecommerce-playground.lambdatest.io/index.php?route=common/home
[INFO ] 2026-05-14 12:32:58.482 [TestNG-test-Cucumber Test-1] Launch - Expected URL: https://ecommerce-playground.lambdatest.io/index.php?route=common/home
[INFO ] 2026-05-14 12:32:58.483 [TestNG-test-Cucumber Test-1] Launch - Actual URL: https://ecommerce-playground.lambdatest.io/index.php?route=common/home
[INFO ] 2026-05-14 12:32:58.488 [TestNG-test-Cucumber Test-1] DriverClass - Closing browser session
[INFO ] 2026-05-14 12:32:59.863 [TestNG-test-Cucumber Test-1] DriverClass - Initializing Browser: firefox
[INFO ] 2026-05-14 12:32:59.864 [TestNG-test-Cucumber Test-1] DriverClass - Headless Mode: false
[INFO ] 2026-05-14 12:33:04.310 [TestNG-test-Cucumber Test-1] DriverClass - Browser launched successfully
[INFO ] 2026-05-14 12:33:04.317 [TestNG-test-Cucumber Test-1] Launch - Launching application URL: https://ecommerce-playground.lambdatest.io/index.php?route=common/home
[INFO ] 2026-05-14 12:33:10.487 [TestNG-test-Cucumber Test-1] Launch - Page Title: Your Store
[INFO ] 2026-05-14 12:33:10.489 [TestNG-test-Cucumber Test-1] DriverClass - Closing browser session
[INFO ] 2026-05-14 12:33:11.747 [TestNG-test-Cucumber Test-1] DriverClass - Initializing Browser: firefox
[INFO ] 2026-05-14 12:33:11.747 [TestNG-test-Cucumber Test-1] DriverClass - Headless Mode: false
[INFO ] 2026-05-14 12:33:27.718 [TestNG-test-Cucumber Test-1] DriverClass - Browser launched successfully
[INFO ] 2026-05-14 12:33:27.721 [TestNG-test-Cucumber Test-1] Launch - Launching application URL: https://ecommerce-playground.lambdatest.io/index.php?route=common/home
[INFO ] 2026-05-14 12:33:32.796 [TestNG-test-Cucumber Test-1] Launch - Logo Displayed Status: true
[INFO ] 2026-05-14 12:33:32.798 [TestNG-test-Cucumber Test-1] DriverClass - Closing browser session
[INFO ] 2026-05-14 12:39:46.890 [TestNG-test-Cucumber Test-1] DriverClass - Initializing Browser: firefox
[INFO ] 2026-05-14 12:39:46.890 [TestNG-test-Cucumber Test-1] DriverClass - Headless Mode: true
[INFO ] 2026-05-14 12:40:17.745 [TestNG-test-Cucumber Test-1] DriverClass - Browser launched successfully
[INFO ] 2026-05-14 12:40:17.977 [TestNG-test-Cucumber Test-1] Launch - Launching application URL: https://ecommerce-playground.lambdatest.io/index.php?route=common/home
[INFO ] 2026-05-14 12:40:23.601 [TestNG-test-Cucumber Test-1] Launch - Expected URL: https://ecommerce-playground.lambdatest.io/index.php?route=common/home
[INFO ] 2026-05-14 12:40:23.606 [TestNG-test-Cucumber Test-1] Launch - Actual URL: https://ecommerce-playground.lambdatest.io/index.php?route=common/home
[INFO ] 2026-05-14 12:40:23.613 [TestNG-test-Cucumber Test-1] DriverClass - Closing browser session
[INFO ] 2026-05-14 12:40:24.918 [TestNG-test-Cucumber Test-1] DriverClass - Initializing Browser: firefox
[INFO ] 2026-05-14 12:40:24.918 [TestNG-test-Cucumber Test-1] DriverClass - Headless Mode: true
[INFO ] 2026-05-14 12:40:27.613 [TestNG-test-Cucumber Test-1] DriverClass - Browser launched successfully
[INFO ] 2026-05-14 12:40:27.632 [TestNG-test-Cucumber Test-1] Launch - Launching application URL: https://ecommerce-playground.lambdatest.io/index.php?route=common/home
[INFO ] 2026-05-14 12:40:32.154 [TestNG-test-Cucumber Test-1] Launch - Page Title: Your Store
[INFO ] 2026-05-14 12:40:32.157 [TestNG-test-Cucumber Test-1] DriverClass - Closing browser session
[INFO ] 2026-05-14 12:40:32.985 [TestNG-test-Cucumber Test-1] DriverClass - Initializing Browser: firefox
[INFO ] 2026-05-14 12:40:32.985 [TestNG-test-Cucumber Test-1] DriverClass - Headless Mode: true
[INFO ] 2026-05-14 12:40:35.348 [TestNG-test-Cucumber Test-1] DriverClass - Browser launched successfully
[INFO ] 2026-05-14 12:40:35.352 [TestNG-test-Cucumber Test-1] Launch - Launching application URL: https://ecommerce-playground.lambdatest.io/index.php?route=common/home
[INFO ] 2026-05-14 12:40:41.257 [TestNG-test-Cucumber Test-1] Launch - Logo Displayed Status: true
[INFO ] 2026-05-14 12:40:41.257 [TestNG-test-Cucumber Test-1] DriverClass - Closing browser session
[INFO ] 2026-05-14 13:02:59.099 [TestNG-test-Cucumber Test-1] DriverClass - Initializing Browser: firefox
[INFO ] 2026-05-14 13:02:59.102 [TestNG-test-Cucumber Test-1] DriverClass - Headless Mode: true
[INFO ] 2026-05-14 13:03:08.094 [TestNG-test-Cucumber Test-1] DriverClass - Browser launched successfully
[INFO ] 2026-05-14 13:03:08.325 [TestNG-test-Cucumber Test-1] Launch - Launching application URL: https://ecommerce-playground.lambdatest.io/index.php?route=common/home
[INFO ] 2026-05-14 13:03:14.118 [TestNG-test-Cucumber Test-1] Launch - Expected URL: https://ecommerce-playground.lambdatest.io/index.php?route=common/home
[INFO ] 2026-05-14 13:03:14.118 [TestNG-test-Cucumber Test-1] Launch - Actual URL: https://ecommerce-playground.lambdatest.io/index.php?route=common/home
[INFO ] 2026-05-14 13:03:14.124 [TestNG-test-Cucumber Test-1] DriverClass - Closing browser session
[INFO ] 2026-05-14 13:03:15.100 [TestNG-test-Cucumber Test-1] DriverClass - Initializing Browser: firefox
[INFO ] 2026-05-14 13:03:15.101 [TestNG-test-Cucumber Test-1] DriverClass - Headless Mode: true
[INFO ] 2026-05-14 13:03:19.942 [TestNG-test-Cucumber Test-1] DriverClass - Browser launched successfully
[INFO ] 2026-05-14 13:03:19.957 [TestNG-test-Cucumber Test-1] Launch - Launching application URL: https://ecommerce-playground.lambdatest.io/index.php?route=common/home
[INFO ] 2026-05-14 13:03:30.406 [TestNG-test-Cucumber Test-1] Launch - Page Title: Your Store
[INFO ] 2026-05-14 13:03:30.409 [TestNG-test-Cucumber Test-1] DriverClass - Closing browser session
[INFO ] 2026-05-14 13:03:41.804 [TestNG-test-Cucumber Test-1] DriverClass - Initializing Browser: firefox
[INFO ] 2026-05-14 13:03:41.804 [TestNG-test-Cucumber Test-1] DriverClass - Headless Mode: true
[INFO ] 2026-05-14 13:03:47.893 [TestNG-test-Cucumber Test-1] DriverClass - Browser launched successfully
[INFO ] 2026-05-14 13:03:47.898 [TestNG-test-Cucumber Test-1] Launch - Launching application URL: https://ecommerce-playground.lambdatest.io/index.php?route=common/home
[INFO ] 2026-05-14 13:03:56.996 [TestNG-test-Cucumber Test-1] Launch - Logo Displayed Status: true
[INFO ] 2026-05-14 13:03:57.002 [TestNG-test-Cucumber Test-1] DriverClass - Closing browser session
[INFO ] 2026-05-14 13:08:54.023 [TestNG-test-Cucumber Test-1] DriverClass - Initializing Browser: firefox
[INFO ] 2026-05-14 13:08:54.027 [TestNG-test-Cucumber Test-1] DriverClass - Headless Mode: true
[INFO ] 2026-05-14 13:09:09.491 [TestNG-test-Cucumber Test-1] DriverClass - Browser launched successfully
[INFO ] 2026-05-14 13:09:09.652 [TestNG-test-Cucumber Test-1] Launch - Launching application URL: https://ecommerce-playground.lambdatest.io/index.php?route=common/home
[INFO ] 2026-05-14 13:09:15.388 [TestNG-test-Cucumber Test-1] Launch - Expected URL: https://ecommerce-playground.lambdatest.io/index.php?route=common/home
[INFO ] 2026-05-14 13:09:15.389 [TestNG-test-Cucumber Test-1] Launch - Actual URL: https://ecommerce-playground.lambdatest.io/index.php?route=common/home
[INFO ] 2026-05-14 13:09:15.398 [TestNG-test-Cucumber Test-1] DriverClass - Closing browser session
[INFO ] 2026-05-14 13:09:16.591 [TestNG-test-Cucumber Test-1] DriverClass - Initializing Browser: firefox
[INFO ] 2026-05-14 13:09:16.592 [TestNG-test-Cucumber Test-1] DriverClass - Headless Mode: true
[INFO ] 2026-05-14 13:09:19.789 [TestNG-test-Cucumber Test-1] DriverClass - Browser launched successfully
[INFO ] 2026-05-14 13:09:19.796 [TestNG-test-Cucumber Test-1] Launch - Launching application URL: https://ecommerce-playground.lambdatest.io/index.php?route=common/home
[INFO ] 2026-05-14 13:09:24.572 [TestNG-test-Cucumber Test-1] Launch - Page Title: Your Store
[INFO ] 2026-05-14 13:09:24.576 [TestNG-test-Cucumber Test-1] DriverClass - Closing browser session
[INFO ] 2026-05-14 13:09:25.682 [TestNG-test-Cucumber Test-1] DriverClass - Initializing Browser: firefox
[INFO ] 2026-05-14 13:09:25.682 [TestNG-test-Cucumber Test-1] DriverClass - Headless Mode: true
[INFO ] 2026-05-14 13:09:28.594 [TestNG-test-Cucumber Test-1] DriverClass - Browser launched successfully
[INFO ] 2026-05-14 13:09:28.598 [TestNG-test-Cucumber Test-1] Launch - Launching application URL: https://ecommerce-playground.lambdatest.io/index.php?route=common/home
[INFO ] 2026-05-14 13:09:34.216 [TestNG-test-Cucumber Test-1] Launch - Logo Displayed Status: true
[INFO ] 2026-05-14 13:09:34.219 [TestNG-test-Cucumber Test-1] DriverClass - Closing browser session

[INFO ] 2026-05-14 15:16:09.026 [main] DriverClass - Initializing Browser: chrome
[INFO ] 2026-05-14 15:16:09.029 [main] DriverClass - Headless Mode: false
[INFO ] 2026-05-14 15:16:12.874 [main] DriverClass - Browser launched successfully
[INFO ] 2026-05-14 15:16:20.181 [main] DriverClass - Closing browser session
[INFO ] 2026-05-14 15:16:20.646 [main] DriverClass - Initializing Browser: chrome
[INFO ] 2026-05-14 15:16:20.647 [main] DriverClass - Headless Mode: false
[INFO ] 2026-05-14 15:16:21.726 [main] DriverClass - Browser launched successfully
[INFO ] 2026-05-14 15:16:28.857 [main] DriverClass - Closing browser session
[INFO ] 2026-05-14 15:16:29.230 [main] DriverClass - Initializing Browser: chrome
[INFO ] 2026-05-14 15:16:29.230 [main] DriverClass - Headless Mode: false
[INFO ] 2026-05-14 15:16:30.344 [main] DriverClass - Browser launched successfully
[INFO ] 2026-05-14 15:16:37.922 [main] DriverClass - Closing browser session
[INFO ] 2026-05-14 15:16:38.353 [main] DriverClass - Initializing Browser: chrome
[INFO ] 2026-05-14 15:16:38.353 [main] DriverClass - Headless Mode: false
[INFO ] 2026-05-14 15:16:39.419 [main] DriverClass - Browser launched successfully
[INFO ] 2026-05-14 15:16:46.777 [main] DriverClass - Closing browser session
[INFO ] 2026-05-14 15:22:28.290 [main] DriverClass - Initializing Browser: chrome
[INFO ] 2026-05-14 15:22:28.294 [main] DriverClass - Headless Mode: false
[INFO ] 2026-05-14 15:22:30.896 [main] DriverClass - Browser launched successfully
[INFO ] 2026-05-14 15:22:38.485 [main] DriverClass - Closing browser session
[INFO ] 2026-05-14 15:22:39.046 [main] DriverClass - Initializing Browser: chrome
[INFO ] 2026-05-14 15:22:39.046 [main] DriverClass - Headless Mode: false
[INFO ] 2026-05-14 15:22:40.192 [main] DriverClass - Browser launched successfully
[INFO ] 2026-05-14 15:22:48.080 [main] DriverClass - Closing browser session
[INFO ] 2026-05-14 15:22:48.545 [main] DriverClass - Initializing Browser: chrome
[INFO ] 2026-05-14 15:22:48.545 [main] DriverClass - Headless Mode: false
[INFO ] 2026-05-14 15:22:49.727 [main] DriverClass - Browser launched successfully
[INFO ] 2026-05-14 15:22:57.465 [main] DriverClass - Closing browser session
[INFO ] 2026-05-14 15:22:57.908 [main] DriverClass - Initializing Browser: chrome
[INFO ] 2026-05-14 15:22:57.909 [main] DriverClass - Headless Mode: false
[INFO ] 2026-05-14 15:22:59.003 [main] DriverClass - Browser launched successfully
[INFO ] 2026-05-14 15:23:07.689 [main] DriverClass - Closing browser session
[INFO ] 2026-05-14 15:29:19.799 [main] DriverClass - Initializing Browser: chrome
[INFO ] 2026-05-14 15:29:19.803 [main] DriverClass - Headless Mode: false
[INFO ] 2026-05-14 15:29:22.122 [main] DriverClass - Browser launched successfully
[INFO ] 2026-05-14 15:29:28.869 [main] DriverClass - Closing browser session
[INFO ] 2026-05-14 15:29:29.385 [main] DriverClass - Initializing Browser: chrome
[INFO ] 2026-05-14 15:29:29.386 [main] DriverClass - Headless Mode: false
[INFO ] 2026-05-14 15:29:30.601 [main] DriverClass - Browser launched successfully
[INFO ] 2026-05-14 15:29:43.863 [main] ShopByCategory - Page title verified successfully
[INFO ] 2026-05-14 15:29:43.869 [main] DriverClass - Closing browser session
[INFO ] 2026-05-14 15:29:44.364 [main] DriverClass - Initializing Browser: chrome
[INFO ] 2026-05-14 15:29:44.364 [main] DriverClass - Headless Mode: false
[INFO ] 2026-05-14 15:29:45.451 [main] DriverClass - Browser launched successfully
[INFO ] 2026-05-14 15:29:58.517 [main] ShopByCategory - Page title verified successfully
[INFO ] 2026-05-14 15:29:58.521 [main] DriverClass - Closing browser session
[INFO ] 2026-05-14 15:29:58.978 [main] DriverClass - Initializing Browser: chrome
[INFO ] 2026-05-14 15:29:58.978 [main] DriverClass - Headless Mode: false
[INFO ] 2026-05-14 15:30:00.146 [main] DriverClass - Browser launched successfully
[INFO ] 2026-05-14 15:30:15.006 [main] ShopByCategory - Page title verified successfully
[INFO ] 2026-05-14 15:30:15.012 [main] DriverClass - Closing browser session
[INFO ] 2026-05-14 15:40:43.607 [main] DriverClass - Initializing Browser: chrome
[INFO ] 2026-05-14 15:40:43.611 [main] DriverClass - Headless Mode: false
[INFO ] 2026-05-14 15:40:46.949 [main] DriverClass - Browser launched successfully
[INFO ] 2026-05-14 15:40:54.509 [main] DriverClass - Closing browser session
[INFO ] 2026-05-14 15:40:55.109 [main] DriverClass - Initializing Browser: chrome
[INFO ] 2026-05-14 15:40:55.110 [main] DriverClass - Headless Mode: false
[INFO ] 2026-05-14 15:40:56.300 [main] DriverClass - Browser launched successfully
[INFO ] 2026-05-14 15:41:11.004 [main] DriverClass - Closing browser session
[INFO ] 2026-05-14 15:41:11.454 [main] DriverClass - Initializing Browser: chrome
[INFO ] 2026-05-14 15:41:11.455 [main] DriverClass - Headless Mode: false
[INFO ] 2026-05-14 15:41:12.561 [main] DriverClass - Browser launched successfully
[INFO ] 2026-05-14 15:41:18.623 [main] DriverClass - Closing browser session
[INFO ] 2026-05-14 15:41:19.144 [main] DriverClass - Initializing Browser: chrome
[INFO ] 2026-05-14 15:41:19.144 [main] DriverClass - Headless Mode: false
[INFO ] 2026-05-14 15:41:20.218 [main] DriverClass - Browser launched successfully
[INFO ] 2026-05-14 15:41:26.340 [main] DriverClass - Closing browser session
[INFO ] 2026-05-14 15:44:11.460 [main] DriverClass - Initializing Browser: chrome
[INFO ] 2026-05-14 15:44:11.466 [main] DriverClass - Headless Mode: false
[INFO ] 2026-05-14 15:44:14.443 [main] DriverClass - Browser launched successfully
[INFO ] 2026-05-14 15:44:20.918 [main] DriverClass - Closing browser session
[INFO ] 2026-05-14 15:44:21.590 [main] DriverClass - Initializing Browser: chrome
[INFO ] 2026-05-14 15:44:21.590 [main] DriverClass - Headless Mode: false
[INFO ] 2026-05-14 15:44:22.941 [main] DriverClass - Browser launched successfully
[INFO ] 2026-05-14 15:44:28.708 [main] DriverClass - Closing browser session
[INFO ] 2026-05-14 15:44:29.204 [main] DriverClass - Initializing Browser: chrome
[INFO ] 2026-05-14 15:44:29.204 [main] DriverClass - Headless Mode: false
[INFO ] 2026-05-14 15:44:30.376 [main] DriverClass - Browser launched successfully
[INFO ] 2026-05-14 15:44:36.706 [main] DriverClass - Closing browser session
[INFO ] 2026-05-14 15:44:37.170 [main] DriverClass - Initializing Browser: chrome
[INFO ] 2026-05-14 15:44:37.171 [main] DriverClass - Headless Mode: false
[INFO ] 2026-05-14 15:44:38.303 [main] DriverClass - Browser launched successfully
[INFO ] 2026-05-14 15:44:44.380 [main] DriverClass - Closing browser session
[INFO ] 2026-05-14 15:45:46.939 [main] DriverClass - Initializing Browser: chrome
[INFO ] 2026-05-14 15:45:46.945 [main] DriverClass - Headless Mode: false
[INFO ] 2026-05-14 15:45:50.205 [main] DriverClass - Browser launched successfully
[INFO ] 2026-05-14 15:45:56.505 [main] DriverClass - Closing browser session
[INFO ] 2026-05-14 15:45:57.195 [main] DriverClass - Initializing Browser: chrome
[INFO ] 2026-05-14 15:45:57.196 [main] DriverClass - Headless Mode: false
[INFO ] 2026-05-14 15:45:58.628 [main] DriverClass - Browser launched successfully
[INFO ] 2026-05-14 15:46:05.182 [main] DriverClass - Closing browser session
[INFO ] 2026-05-14 15:46:06.274 [main] DriverClass - Initializing Browser: chrome
[INFO ] 2026-05-14 15:46:06.274 [main] DriverClass - Headless Mode: false
[INFO ] 2026-05-14 15:46:07.673 [main] DriverClass - Browser launched successfully
[INFO ] 2026-05-14 15:46:13.707 [main] DriverClass - Closing browser session
[INFO ] 2026-05-14 15:46:14.364 [main] DriverClass - Initializing Browser: chrome
[INFO ] 2026-05-14 15:46:14.368 [main] DriverClass - Headless Mode: false
[INFO ] 2026-05-14 15:46:15.824 [main] DriverClass - Browser launched successfully
[INFO ] 2026-05-14 15:46:21.980 [main] DriverClass - Closing browser session
[INFO ] 2026-05-14 15:50:51.338 [main] DriverClass - Initializing Browser: chrome
[INFO ] 2026-05-14 15:50:51.343 [main] DriverClass - Headless Mode: false
[INFO ] 2026-05-14 15:50:54.716 [main] DriverClass - Browser launched successfully
[INFO ] 2026-05-14 15:51:11.998 [main] DriverClass - Closing browser session
[INFO ] 2026-05-14 15:51:12.684 [main] DriverClass - Initializing Browser: chrome
[INFO ] 2026-05-14 15:51:12.685 [main] DriverClass - Headless Mode: false
[INFO ] 2026-05-14 15:51:14.236 [main] DriverClass - Browser launched successfully
[INFO ] 2026-05-14 15:51:37.051 [main] DriverClass - Closing browser session
[INFO ] 2026-05-14 15:51:37.672 [main] DriverClass - Initializing Browser: chrome
[INFO ] 2026-05-14 15:51:37.672 [main] DriverClass - Headless Mode: false
[INFO ] 2026-05-14 15:51:39.074 [main] DriverClass - Browser launched successfully
[INFO ] 2026-05-14 15:51:56.103 [main] DriverClass - Closing browser session
[INFO ] 2026-05-14 15:51:56.711 [main] DriverClass - Initializing Browser: chrome
[INFO ] 2026-05-14 15:51:56.711 [main] DriverClass - Headless Mode: false
[INFO ] 2026-05-14 15:51:58.069 [main] DriverClass - Browser launched successfully
[INFO ] 2026-05-14 15:52:14.747 [main] DriverClass - Closing browser session
[INFO ] 2026-05-14 19:54:43.665 [main] DriverClass - Initializing Browser: chrome
[INFO ] 2026-05-14 19:54:43.671 [main] DriverClass - Headless Mode: false
[INFO ] 2026-05-14 19:54:53.807 [main] DriverClass - Browser launched successfully
[INFO ] 2026-05-14 19:55:26.659 [main] DriverClass - Closing browser session
[INFO ] 2026-05-14 19:55:27.927 [main] DriverClass - Initializing Browser: chrome
[INFO ] 2026-05-14 19:55:27.928 [main] DriverClass - Headless Mode: false
[INFO ] 2026-05-14 19:55:30.933 [main] DriverClass - Browser launched successfully
[INFO ] 2026-05-14 19:56:00.008 [main] DriverClass - Closing browser session
[INFO ] 2026-05-14 19:56:00.652 [main] DriverClass - Initializing Browser: chrome
[INFO ] 2026-05-14 19:56:00.652 [main] DriverClass - Headless Mode: false
[INFO ] 2026-05-14 19:56:01.922 [main] DriverClass - Browser launched successfully
[INFO ] 2026-05-14 19:56:23.254 [main] DriverClass - Closing browser session
[INFO ] 2026-05-14 19:56:24.606 [main] DriverClass - Initializing Browser: chrome
[INFO ] 2026-05-14 19:56:24.607 [main] DriverClass - Headless Mode: false
[INFO ] 2026-05-14 19:56:27.253 [main] DriverClass - Browser launched successfully
[INFO ] 2026-05-14 19:56:50.906 [main] DriverClass - Closing browser session
[INFO ] 2026-05-14 20:02:52.376 [main] DriverClass - Initializing Browser: chrome
[INFO ] 2026-05-14 20:02:52.380 [main] DriverClass - Headless Mode: false
[INFO ] 2026-05-14 20:02:55.962 [main] DriverClass - Browser launched successfully
[INFO ] 2026-05-14 20:03:25.946 [main] DriverClass - Closing browser session
[INFO ] 2026-05-14 20:03:26.781 [main] DriverClass - Initializing Browser: chrome
[INFO ] 2026-05-14 20:03:26.781 [main] DriverClass - Headless Mode: false
[INFO ] 2026-05-14 20:03:28.248 [main] DriverClass - Browser launched successfully
[INFO ] 2026-05-14 20:04:48.537 [main] DriverClass - Closing browser session
[INFO ] 2026-05-14 20:04:49.310 [main] DriverClass - Initializing Browser: chrome
[INFO ] 2026-05-14 20:04:49.310 [main] DriverClass - Headless Mode: false
[INFO ] 2026-05-14 20:04:50.602 [main] DriverClass - Browser launched successfully
[INFO ] 2026-05-14 20:05:25.839 [main] DriverClass - Closing browser session
[INFO ] 2026-05-14 20:05:26.424 [main] DriverClass - Initializing Browser: chrome
[INFO ] 2026-05-14 20:05:26.424 [main] DriverClass - Headless Mode: false
[INFO ] 2026-05-14 20:05:27.567 [main] DriverClass - Browser launched successfully
[INFO ] 2026-05-14 20:07:00.777 [main] DriverClass - Closing browser session
[INFO ] 2026-05-14 20:18:30.678 [main] DriverClass - Initializing Browser: chrome
[INFO ] 2026-05-14 20:18:30.685 [main] DriverClass - Headless Mode: false
[INFO ] 2026-05-14 20:18:34.390 [main] DriverClass - Browser launched successfully
[INFO ] 2026-05-14 20:19:08.613 [main] DriverClass - Closing browser session
[INFO ] 2026-05-14 20:19:09.504 [main] DriverClass - Initializing Browser: chrome
[INFO ] 2026-05-14 20:19:09.505 [main] DriverClass - Headless Mode: false
[INFO ] 2026-05-14 20:19:10.823 [main] DriverClass - Browser launched successfully
[INFO ] 2026-05-14 20:19:38.785 [main] DriverClass - Closing browser session
[INFO ] 2026-05-14 20:19:39.623 [main] DriverClass - Initializing Browser: chrome
[INFO ] 2026-05-14 20:19:39.624 [main] DriverClass - Headless Mode: false
[INFO ] 2026-05-14 20:19:40.900 [main] DriverClass - Browser launched successfully
[INFO ] 2026-05-14 20:20:07.233 [main] DriverClass - Closing browser session
[INFO ] 2026-05-14 20:20:07.873 [main] DriverClass - Initializing Browser: chrome
[INFO ] 2026-05-14 20:20:07.874 [main] DriverClass - Headless Mode: false
[INFO ] 2026-05-14 20:20:09.319 [main] DriverClass - Browser launched successfully
[INFO ] 2026-05-14 20:20:34.936 [main] DriverClass - Closing browser session
[INFO ] 2026-05-14 20:23:04.224 [main] DriverClass - Initializing Browser: chrome
[INFO ] 2026-05-14 20:23:04.228 [main] DriverClass - Headless Mode: false
[INFO ] 2026-05-14 20:23:07.243 [main] DriverClass - Browser launched successfully
[INFO ] 2026-05-14 20:23:36.592 [main] DriverClass - Closing browser session
[INFO ] 2026-05-14 20:23:37.078 [main] DriverClass - Initializing Browser: chrome
[INFO ] 2026-05-14 20:23:37.079 [main] DriverClass - Headless Mode: false
[INFO ] 2026-05-14 20:23:38.446 [main] DriverClass - Browser launched successfully
[INFO ] 2026-05-14 20:24:15.414 [main] DriverClass - Closing browser session
[INFO ] 2026-05-14 20:24:16.076 [main] DriverClass - Initializing Browser: chrome
[INFO ] 2026-05-14 20:24:16.076 [main] DriverClass - Headless Mode: false
[INFO ] 2026-05-14 20:24:17.609 [main] DriverClass - Browser launched successfully
[INFO ] 2026-05-14 20:24:41.781 [main] DriverClass - Closing browser session
[INFO ] 2026-05-14 20:24:42.742 [main] DriverClass - Initializing Browser: chrome
[INFO ] 2026-05-14 20:24:42.742 [main] DriverClass - Headless Mode: false
[INFO ] 2026-05-14 20:24:43.942 [main] DriverClass - Browser launched successfully
[INFO ] 2026-05-14 20:25:09.265 [main] DriverClass - Closing browser session
[INFO ] 2026-05-14 20:28:20.546 [main] DriverClass - Initializing Browser: chrome
[INFO ] 2026-05-14 20:28:20.551 [main] DriverClass - Headless Mode: false
[INFO ] 2026-05-14 20:28:24.016 [main] DriverClass - Browser launched successfully
[INFO ] 2026-05-14 20:28:50.210 [main] DriverClass - Closing browser session
[INFO ] 2026-05-14 20:28:51.222 [main] DriverClass - Initializing Browser: chrome
[INFO ] 2026-05-14 20:28:51.222 [main] DriverClass - Headless Mode: false
[INFO ] 2026-05-14 20:28:52.661 [main] DriverClass - Browser launched successfully
[INFO ] 2026-05-14 20:29:20.420 [main] DriverClass - Closing browser session
[INFO ] 2026-05-14 20:29:21.110 [main] DriverClass - Initializing Browser: chrome
[INFO ] 2026-05-14 20:29:21.110 [main] DriverClass - Headless Mode: false
[INFO ] 2026-05-14 20:29:22.438 [main] DriverClass - Browser launched successfully
[INFO ] 2026-05-14 20:29:48.813 [main] DriverClass - Closing browser session
[INFO ] 2026-05-14 20:29:49.378 [main] DriverClass - Initializing Browser: chrome
[INFO ] 2026-05-14 20:29:49.378 [main] DriverClass - Headless Mode: false
[INFO ] 2026-05-14 20:29:50.567 [main] DriverClass - Browser launched successfully
[INFO ] 2026-05-14 20:30:16.882 [main] DriverClass - Closing browser session
[INFO ] 2026-05-14 20:35:08.860 [main] DriverClass - Initializing Browser: chrome
[INFO ] 2026-05-14 20:35:08.865 [main] DriverClass - Headless Mode: false
[INFO ] 2026-05-14 20:35:12.329 [main] DriverClass - Browser launched successfully
[INFO ] 2026-05-14 20:35:49.025 [main] DriverClass - Closing browser session
[INFO ] 2026-05-14 20:35:49.728 [main] DriverClass - Initializing Browser: chrome
[INFO ] 2026-05-14 20:35:49.729 [main] DriverClass - Headless Mode: false
[INFO ] 2026-05-14 20:35:50.977 [main] DriverClass - Browser launched successfully
[INFO ] 2026-05-14 20:36:27.364 [main] DriverClass - Closing browser session
[INFO ] 2026-05-14 20:36:27.890 [main] DriverClass - Initializing Browser: chrome
[INFO ] 2026-05-14 20:36:27.891 [main] DriverClass - Headless Mode: false
[INFO ] 2026-05-14 20:36:29.136 [main] DriverClass - Browser launched successfully
[INFO ] 2026-05-14 20:37:08.068 [main] DriverClass - Closing browser session
[INFO ] 2026-05-14 20:37:08.781 [main] DriverClass - Initializing Browser: chrome
[INFO ] 2026-05-14 20:37:08.782 [main] DriverClass - Headless Mode: false
[INFO ] 2026-05-14 20:37:10.245 [main] DriverClass - Browser launched successfully
[INFO ] 2026-05-14 20:37:48.855 [main] DriverClass - Closing browser session
[INFO ] 2026-05-14 20:46:05.956 [main] DriverClass - Initializing Browser: chrome
[INFO ] 2026-05-14 20:46:05.959 [main] DriverClass - Headless Mode: false
[INFO ] 2026-05-14 20:46:10.108 [main] DriverClass - Browser launched successfully
[INFO ] 2026-05-14 20:46:48.324 [main] DriverClass - Closing browser session
[INFO ] 2026-05-14 20:46:49.256 [main] DriverClass - Initializing Browser: chrome
[INFO ] 2026-05-14 20:46:49.257 [main] DriverClass - Headless Mode: false
[INFO ] 2026-05-14 20:46:50.820 [main] DriverClass - Browser launched successfully
[INFO ] 2026-05-14 20:47:29.115 [main] DriverClass - Closing browser session
[INFO ] 2026-05-14 20:47:30.062 [main] DriverClass - Initializing Browser: chrome
[INFO ] 2026-05-14 20:47:30.071 [main] DriverClass - Headless Mode: false
[INFO ] 2026-05-14 20:47:32.355 [main] DriverClass - Browser launched successfully
[INFO ] 2026-05-14 20:48:03.416 [main] DriverClass - Closing browser session
[INFO ] 2026-05-14 20:48:03.815 [main] DriverClass - Initializing Browser: chrome
[INFO ] 2026-05-14 20:48:03.817 [main] DriverClass - Headless Mode: false
[INFO ] 2026-05-14 20:48:18.170 [main] DriverClass - Initializing Browser: chrome
[INFO ] 2026-05-14 20:48:18.173 [main] DriverClass - Headless Mode: false
[INFO ] 2026-05-14 20:48:21.072 [main] DriverClass - Browser launched successfully
[INFO ] 2026-05-14 20:48:34.975 [main] DriverClass - Closing browser session
[INFO ] 2026-05-14 20:48:35.666 [main] DriverClass - Initializing Browser: chrome
[INFO ] 2026-05-14 20:48:35.667 [main] DriverClass - Headless Mode: false
[INFO ] 2026-05-14 20:48:37.285 [main] DriverClass - Browser launched successfully
[INFO ] 2026-05-14 20:49:12.452 [main] DriverClass - Closing browser session
[INFO ] 2026-05-14 20:49:12.817 [main] DriverClass - Initializing Browser: chrome
[INFO ] 2026-05-14 20:49:12.817 [main] DriverClass - Headless Mode: false
[INFO ] 2026-05-14 20:49:13.770 [main] DriverClass - Browser launched successfully
[INFO ] 2026-05-14 20:49:44.690 [main] DriverClass - Closing browser session
[INFO ] 2026-05-14 20:49:45.035 [main] DriverClass - Initializing Browser: chrome
[INFO ] 2026-05-14 20:49:45.036 [main] DriverClass - Headless Mode: false
[INFO ] 2026-05-14 20:49:45.988 [main] DriverClass - Browser launched successfully
[INFO ] 2026-05-14 20:50:00.539 [main] DriverClass - Closing browser session
[INFO ] 2026-05-14 20:54:01.124 [main] DriverClass - Initializing Browser: chrome
[INFO ] 2026-05-14 20:54:01.130 [main] DriverClass - Headless Mode: false
[INFO ] 2026-05-14 20:54:06.269 [main] DriverClass - Browser launched successfully
[INFO ] 2026-05-14 20:54:18.058 [main] DriverClass - Closing browser session
[INFO ] 2026-05-14 20:54:18.801 [main] DriverClass - Initializing Browser: chrome
[INFO ] 2026-05-14 20:54:18.802 [main] DriverClass - Headless Mode: false
[INFO ] 2026-05-14 20:54:20.353 [main] DriverClass - Browser launched successfully
[INFO ] 2026-05-14 20:54:32.755 [main] DriverClass - Closing browser session
[INFO ] 2026-05-14 20:54:33.110 [main] DriverClass - Initializing Browser: chrome
[INFO ] 2026-05-14 20:54:33.111 [main] DriverClass - Headless Mode: false
[INFO ] 2026-05-14 20:54:34.406 [main] DriverClass - Browser launched successfully
[INFO ] 2026-05-14 20:54:45.853 [main] DriverClass - Closing browser session
[INFO ] 2026-05-14 20:54:46.190 [main] DriverClass - Initializing Browser: chrome
[INFO ] 2026-05-14 20:54:46.191 [main] DriverClass - Headless Mode: false
[INFO ] 2026-05-14 20:54:47.316 [main] DriverClass - Browser launched successfully
[INFO ] 2026-05-14 20:54:59.353 [main] DriverClass - Closing browser session
[INFO ] 2026-05-14 20:55:54.069 [main] DriverClass - Initializing Browser: chrome
[INFO ] 2026-05-14 20:55:54.073 [main] DriverClass - Headless Mode: false
[INFO ] 2026-05-14 20:56:01.525 [main] DriverClass - Browser launched successfully
[INFO ] 2026-05-14 20:56:31.786 [main] DriverClass - Closing browser session
[INFO ] 2026-05-14 20:56:32.389 [main] DriverClass - Initializing Browser: chrome
[INFO ] 2026-05-14 20:56:32.389 [main] DriverClass - Headless Mode: false
[INFO ] 2026-05-14 20:56:33.796 [main] DriverClass - Browser launched successfully
[INFO ] 2026-05-14 20:56:53.394 [main] DriverClass - Closing browser session
[INFO ] 2026-05-14 20:56:59.875 [main] DriverClass - Initializing Browser: chrome
[INFO ] 2026-05-14 20:56:59.876 [main] DriverClass - Headless Mode: false
[INFO ] 2026-05-14 20:57:01.241 [main] DriverClass - Browser launched successfully
[INFO ] 2026-05-14 20:57:15.089 [main] DriverClass - Closing browser session
[INFO ] 2026-05-14 20:57:15.502 [main] DriverClass - Initializing Browser: chrome
[INFO ] 2026-05-14 20:57:15.502 [main] DriverClass - Headless Mode: false
[INFO ] 2026-05-14 20:57:17.041 [main] DriverClass - Browser launched successfully
[INFO ] 2026-05-14 20:57:26.629 [main] DriverClass - Closing browser session
[INFO ] 2026-05-14 22:19:48.247 [main] DriverClass - Initializing Browser: chrome
[INFO ] 2026-05-14 22:19:48.249 [main] DriverClass - Headless Mode: false
[INFO ] 2026-05-14 22:19:52.189 [main] DriverClass - Browser launched successfully
[INFO ] 2026-05-14 22:20:09.697 [main] DriverClass - Closing browser session
[INFO ] 2026-05-14 22:20:10.222 [main] DriverClass - Initializing Browser: chrome
[INFO ] 2026-05-14 22:20:10.223 [main] DriverClass - Headless Mode: false
[INFO ] 2026-05-14 22:20:11.390 [main] DriverClass - Browser launched successfully
[INFO ] 2026-05-14 22:20:32.525 [main] DriverClass - Closing browser session
[INFO ] 2026-05-14 22:20:32.999 [main] DriverClass - Initializing Browser: chrome
[INFO ] 2026-05-14 22:20:32.999 [main] DriverClass - Headless Mode: false
[INFO ] 2026-05-14 22:20:34.512 [main] DriverClass - Browser launched successfully
[INFO ] 2026-05-14 22:20:54.871 [main] DriverClass - Closing browser session
[INFO ] 2026-05-14 22:20:55.179 [main] DriverClass - Initializing Browser: chrome
[INFO ] 2026-05-14 22:20:55.179 [main] DriverClass - Headless Mode: false
[INFO ] 2026-05-14 22:20:56.076 [main] DriverClass - Browser launched successfully
[INFO ] 2026-05-14 22:21:16.934 [main] DriverClass - Closing browser session
[INFO ] 2026-05-14 22:23:53.617 [main] DriverClass - Initializing Browser: chrome
[INFO ] 2026-05-14 22:23:53.621 [main] DriverClass - Headless Mode: false
[INFO ] 2026-05-14 22:23:58.317 [main] DriverClass - Browser launched successfully
[INFO ] 2026-05-14 22:24:19.275 [main] DriverClass - Closing browser session
[INFO ] 2026-05-14 22:24:20.210 [main] DriverClass - Initializing Browser: chrome
[INFO ] 2026-05-14 22:24:20.210 [main] DriverClass - Headless Mode: false
[INFO ] 2026-05-14 22:24:21.624 [main] DriverClass - Browser launched successfully
[INFO ] 2026-05-14 22:24:42.480 [main] DriverClass - Closing browser session
[INFO ] 2026-05-14 22:24:42.917 [main] DriverClass - Initializing Browser: chrome
[INFO ] 2026-05-14 22:24:42.918 [main] DriverClass - Headless Mode: false
[INFO ] 2026-05-14 22:24:44.110 [main] DriverClass - Browser launched successfully
[INFO ] 2026-05-14 22:25:23.246 [main] DriverClass - Closing browser session
[INFO ] 2026-05-14 22:25:23.701 [main] DriverClass - Initializing Browser: chrome
[INFO ] 2026-05-14 22:25:23.702 [main] DriverClass - Headless Mode: false
[INFO ] 2026-05-14 22:25:24.658 [main] DriverClass - Browser launched successfully
[INFO ] 2026-05-14 22:25:46.530 [main] DriverClass - Closing browser session
[INFO ] 2026-05-14 22:30:20.255 [main] DriverClass - Initializing Browser: chrome
[INFO ] 2026-05-14 22:30:20.259 [main] DriverClass - Headless Mode: false
[INFO ] 2026-05-14 22:30:23.493 [main] DriverClass - Browser launched successfully
[INFO ] 2026-05-14 22:30:52.713 [main] DriverClass - Closing browser session
[INFO ] 2026-05-14 22:30:53.390 [main] DriverClass - Initializing Browser: chrome
[INFO ] 2026-05-14 22:30:53.390 [main] DriverClass - Headless Mode: false
[INFO ] 2026-05-14 22:30:54.720 [main] DriverClass - Browser launched successfully
[INFO ] 2026-05-14 22:31:14.867 [main] DriverClass - Closing browser session
[INFO ] 2026-05-14 22:31:15.521 [main] DriverClass - Initializing Browser: chrome
[INFO ] 2026-05-14 22:31:15.521 [main] DriverClass - Headless Mode: false
[INFO ] 2026-05-14 22:31:16.683 [main] DriverClass - Browser launched successfully
[INFO ] 2026-05-14 22:31:39.129 [main] DriverClass - Closing browser session
[INFO ] 2026-05-14 22:31:39.796 [main] DriverClass - Initializing Browser: chrome
[INFO ] 2026-05-14 22:31:39.796 [main] DriverClass - Headless Mode: false
[INFO ] 2026-05-14 22:31:41.009 [main] DriverClass - Browser launched successfully
[INFO ] 2026-05-14 22:31:59.571 [main] DriverClass - Closing browser session
[INFO ] 2026-05-14 22:33:29.470 [main] DriverClass - Initializing Browser: chrome
[INFO ] 2026-05-14 22:33:29.473 [main] DriverClass - Headless Mode: false
[INFO ] 2026-05-14 22:33:32.483 [main] DriverClass - Browser launched successfully
[INFO ] 2026-05-14 22:33:48.852 [main] ShopByCategory - Selecting category
[ERROR] 2026-05-14 22:33:48.965 [main] ShopByCategory - Failed to navigate to the selected category pageexpected [true] but found [false]
[INFO ] 2026-05-14 22:33:48.997 [main] DriverClass - Closing browser session
[INFO ] 2026-05-14 22:33:49.439 [main] DriverClass - Initializing Browser: chrome
[INFO ] 2026-05-14 22:33:49.439 [main] DriverClass - Headless Mode: false
[INFO ] 2026-05-14 22:33:50.467 [main] DriverClass - Browser launched successfully
[INFO ] 2026-05-14 22:34:10.476 [main] ShopByCategory - Selecting category
[ERROR] 2026-05-14 22:34:10.612 [main] ShopByCategory - Failed to navigate to the selected category pageexpected [true] but found [false]
[INFO ] 2026-05-14 22:34:10.634 [main] DriverClass - Closing browser session
[INFO ] 2026-05-14 22:34:11.028 [main] DriverClass - Initializing Browser: chrome
[INFO ] 2026-05-14 22:34:11.028 [main] DriverClass - Headless Mode: false
[INFO ] 2026-05-14 22:34:12.149 [main] DriverClass - Browser launched successfully
[INFO ] 2026-05-14 22:34:22.230 [main] ShopByCategory - Selecting category
[ERROR] 2026-05-14 22:34:22.401 [main] ShopByCategory - Failed to navigate to the selected category pageexpected [true] but found [false]
[INFO ] 2026-05-14 22:34:22.412 [main] DriverClass - Closing browser session
[INFO ] 2026-05-14 22:34:22.835 [main] DriverClass - Initializing Browser: chrome
[INFO ] 2026-05-14 22:34:22.836 [main] DriverClass - Headless Mode: false
[INFO ] 2026-05-14 22:34:23.916 [main] DriverClass - Browser launched successfully
[INFO ] 2026-05-14 22:34:34.831 [main] ShopByCategory - Selecting category
[ERROR] 2026-05-14 22:34:34.918 [main] ShopByCategory - Failed to navigate to the selected category pageexpected [true] but found [false]
[INFO ] 2026-05-14 22:34:34.933 [main] DriverClass - Closing browser session
[INFO ] 2026-05-14 22:44:26.227 [main] DriverClass - Initializing Browser: chrome
[INFO ] 2026-05-14 22:44:26.230 [main] DriverClass - Headless Mode: false
[INFO ] 2026-05-14 22:44:28.992 [main] DriverClass - Browser launched successfully
[INFO ] 2026-05-14 22:44:36.404 [main] ShopByCategory - Selecting category
[ERROR] 2026-05-14 22:44:36.523 [main] ShopByCategory - Failed to navigate to the selected category pageexpected [true] but found [false]
[INFO ] 2026-05-14 22:44:36.537 [main] DriverClass - Closing browser session
[INFO ] 2026-05-14 22:44:37.141 [main] DriverClass - Initializing Browser: chrome
[INFO ] 2026-05-14 22:44:37.141 [main] DriverClass - Headless Mode: false
[INFO ] 2026-05-14 22:44:38.427 [main] DriverClass - Browser launched successfully
[INFO ] 2026-05-14 22:44:45.022 [main] ShopByCategory - Selecting category
[ERROR] 2026-05-14 22:44:45.298 [main] ShopByCategory - Failed to navigate to the selected category pageexpected [true] but found [false]
[INFO ] 2026-05-14 22:44:45.320 [main] DriverClass - Closing browser session
[INFO ] 2026-05-14 22:44:45.837 [main] DriverClass - Initializing Browser: chrome
[INFO ] 2026-05-14 22:44:45.838 [main] DriverClass - Headless Mode: false
[INFO ] 2026-05-14 22:44:47.188 [main] DriverClass - Browser launched successfully
[INFO ] 2026-05-14 22:44:53.441 [main] ShopByCategory - Selecting category
[ERROR] 2026-05-14 22:44:53.768 [main] ShopByCategory - Failed to navigate to the selected category pageexpected [true] but found [false]
[INFO ] 2026-05-14 22:44:53.773 [main] DriverClass - Closing browser session
[INFO ] 2026-05-14 22:44:54.189 [main] DriverClass - Initializing Browser: chrome
[INFO ] 2026-05-14 22:44:54.189 [main] DriverClass - Headless Mode: false
[INFO ] 2026-05-14 22:44:55.842 [main] DriverClass - Browser launched successfully
[INFO ] 2026-05-14 22:45:02.505 [main] ShopByCategory - Selecting category
[ERROR] 2026-05-14 22:45:02.719 [main] ShopByCategory - Failed to navigate to the selected category pageexpected [true] but found [false]
[INFO ] 2026-05-14 22:45:02.735 [main] DriverClass - Closing browser session
